<?xml version="1.0" encoding="UTF-8"?>
<!-- Generated by org.testng.reporters.JUnitReportReporter -->
<testsuite skipped="0" hostname="ASDP1498PO01976" name="testScripts.TestNgBasicCourse" tests="3" failures="0" timestamp="27 Jun 2019 04:39:35 GMT" time="15.711" errors="0">
  <testcase name="tearDown" time="0.002" classname="testScripts.TestNgBasicCourse"/>
  <testcase name="setUp" time="11.200" classname="testScripts.TestNgBasicCourse"/>
  <testcase name="performTatocBasicCourse" time="4.509" classname="testScripts.TestNgBasicCourse"/>
</testsuite> <!-- testScripts.TestNgBasicCourse -->
