<?xml version="1.0" encoding="UTF-8"?>
<!-- Generated by org.testng.reporters.JUnitReportReporter -->
<testsuite skipped="0" hostname="ASDP1498PO01976" name="com.qa.pom.script.TestNgBasicCourse3" tests="2" failures="0" timestamp="02 Jul 2019 10:18:21 GMT" time="8.081" errors="0">
  <testcase name="performTatocBasicCourse" time="4.038" classname="com.qa.pom.script.TestNgBasicCourse3"/>
  <testcase name="performTatocBasicCourse" time="4.043" classname="com.qa.pom.script.TestNgBasicCourse3"/>
</testsuite> <!-- com.qa.pom.script.TestNgBasicCourse3 -->
